TN:
SF:src/bondingcurves/BondingCurve.sol
FN:66,BondingCurve.init
FNDA:5,BondingCurve.init
DA:68,5
DA:69,5
BRDA:69,0,0,-
BRDA:69,0,1,5
FN:81,BondingCurve.purchase
FNDA:5,BondingCurve.purchase
DA:90,5
BRDA:90,1,0,1
BRDA:90,1,1,4
DA:91,4
DA:93,3
DA:94,3
DA:96,0
FN:105,BondingCurve.allocate
FNDA:1,BondingCurve.allocate
DA:106,1
DA:107,1
FN:114,BondingCurve.pause
FNDA:0,BondingCurve.pause
DA:115,0
FN:122,BondingCurve.unpause
FNDA:0,BondingCurve.unpause
DA:123,0
FN:130,BondingCurve.availableToSell
FNDA:2,BondingCurve.availableToSell
DA:131,6
FN:156,BondingCurve.reserveBalance
FNDA:2,BondingCurve.reserveBalance
DA:157,2
FN:160,BondingCurve._purchase
FNDA:4,BondingCurve._purchase
DA:161,4
DA:163,4
BRDA:163,2,0,1
BRDA:163,2,1,3
DA:164,3
DA:166,3
DA:167,0
FN:170,BondingCurve._incrementTotalPurchased
FNDA:3,BondingCurve._incrementTotalPurchased
DA:171,3
FN:174,BondingCurve._setCap
FNDA:0,BondingCurve._setCap
DA:175,0
BRDA:175,3,0,-
BRDA:175,3,1,-
DA:177,0
DA:178,0
DA:180,0
FNF:10
FNH:7
LF:23
LH:15
BRF:8
BRH:5
end_of_record
TN:
SF:src/examples/LinearBondingCurve.sol
FN:37,LinearBondingCurve.getCurrentPrice
FNDA:0,LinearBondingCurve.getCurrentPrice
DA:38,0
FN:48,LinearBondingCurve.calculatePurchaseAmountOut
FNDA:0,LinearBondingCurve.calculatePurchaseAmountOut
DA:54,4
FNF:2
FNH:0
LF:2
LH:1
BRF:0
BRH:0
end_of_record
TN:
SF:src/pricings/LinearCurve.sol
FN:43,LinearCurve.getLinearInstantaneousPrice
FNDA:257,LinearCurve.getLinearInstantaneousPrice
DA:44,257
FN:55,LinearCurve.getPoolBalance
FNDA:259,LinearCurve.getPoolBalance
DA:56,267
FN:70,LinearCurve.getTokenSupply
FNDA:1,LinearCurve.getTokenSupply
DA:71,1
FNF:3
FNH:3
LF:3
LH:3
BRF:0
BRH:0
end_of_record
TN:
SF:src/utils/Timed.sol
FN:31,Timed.isTimeEnded
FNDA:0,Timed.isTimeEnded
DA:32,6
FN:37,Timed.remainingTime
FNDA:0,Timed.remainingTime
DA:38,6
FN:44,Timed.timeSinceStart
FNDA:0,Timed.timeSinceStart
DA:45,6
BRDA:45,0,0,-
BRDA:45,0,1,6
DA:46,0
DA:48,6
DA:49,6
DA:50,6
FN:53,Timed.isTimeStarted
FNDA:0,Timed.isTimeStarted
DA:54,11
FN:57,Timed._initTimed
FNDA:0,Timed._initTimed
DA:58,0
DA:60,0
FN:63,Timed._setDuration
FNDA:0,Timed._setDuration
DA:64,0
BRDA:64,1,0,-
BRDA:64,1,1,-
DA:66,0
DA:67,0
DA:68,0
FNF:6
FNH:0
LF:14
LH:7
BRF:4
BRH:1
end_of_record
TN:
SF:test/utils/ConstantsFixture.sol
FN:15,ConstantsFixture.setUp
FNDA:0,ConstantsFixture.setUp
DA:17,0
DA:18,0
DA:19,0
DA:21,0
DA:22,0
DA:24,0
DA:25,0
FNF:1
FNH:0
LF:7
LH:0
BRF:0
BRH:0
end_of_record
TN:
SF:test/utils/LinearBondingCurve.constructor.sol
FN:22,DeploymentLinearBondingCurve.deployAndSetup
FNDA:0,DeploymentLinearBondingCurve.deployAndSetup
DA:29,0
DA:38,0
DA:39,0
DA:40,0
FNF:1
FNH:0
LF:4
LH:0
BRF:0
BRH:0
end_of_record
